cabal: Entering directory '/var/folders/pt/v0r3j8p53d9_zwctcvm502pm0000gn/T/cabal-tmp-3387/QuickCheck-2.12.6.1'
Configuring QuickCheck-2.12.6.1...
clang: warning: argument unused during compilation: '-nopie' [-Wunused-command-line-argument]
Preprocessing library for QuickCheck-2.12.6.1..
Building library for QuickCheck-2.12.6.1..
[ 1 of 16] Compiling Test.QuickCheck.Exception ( Test/QuickCheck/Exception.hs, dist/dist-sandbox-8b990038/build/Test/QuickCheck/Exception.o )
[ 2 of 16] Compiling Test.QuickCheck.Random ( Test/QuickCheck/Random.hs, dist/dist-sandbox-8b990038/build/Test/QuickCheck/Random.o )
[ 3 of 16] Compiling Test.QuickCheck.Gen ( Test/QuickCheck/Gen.hs, dist/dist-sandbox-8b990038/build/Test/QuickCheck/Gen.o )
[ 4 of 16] Compiling Test.QuickCheck.Gen.Unsafe ( Test/QuickCheck/Gen/Unsafe.hs, dist/dist-sandbox-8b990038/build/Test/QuickCheck/Gen/Unsafe.o )
[ 5 of 16] Compiling Test.QuickCheck.Arbitrary ( Test/QuickCheck/Arbitrary.hs, dist/dist-sandbox-8b990038/build/Test/QuickCheck/Arbitrary.o )
[ 6 of 16] Compiling Test.QuickCheck.Poly ( Test/QuickCheck/Poly.hs, dist/dist-sandbox-8b990038/build/Test/QuickCheck/Poly.o )
[ 7 of 16] Compiling Test.QuickCheck.Modifiers ( Test/QuickCheck/Modifiers.hs, dist/dist-sandbox-8b990038/build/Test/QuickCheck/Modifiers.o )
[ 8 of 16] Compiling Test.QuickCheck.Function ( Test/QuickCheck/Function.hs, dist/dist-sandbox-8b990038/build/Test/QuickCheck/Function.o )
[ 9 of 16] Compiling Test.QuickCheck.Text ( Test/QuickCheck/Text.hs, dist/dist-sandbox-8b990038/build/Test/QuickCheck/Text.o )
[10 of 16] Compiling Test.QuickCheck.State ( Test/QuickCheck/State.hs, dist/dist-sandbox-8b990038/build/Test/QuickCheck/State.o )
[11 of 16] Compiling Test.QuickCheck.Property ( Test/QuickCheck/Property.hs, dist/dist-sandbox-8b990038/build/Test/QuickCheck/Property.o )
[12 of 16] Compiling Test.QuickCheck.Test ( Test/QuickCheck/Test.hs, dist/dist-sandbox-8b990038/build/Test/QuickCheck/Test.o )
[13 of 16] Compiling Test.QuickCheck.Monadic ( Test/QuickCheck/Monadic.hs, dist/dist-sandbox-8b990038/build/Test/QuickCheck/Monadic.o )
[14 of 16] Compiling Test.QuickCheck.All ( Test/QuickCheck/All.hs, dist/dist-sandbox-8b990038/build/Test/QuickCheck/All.o )
[15 of 16] Compiling Test.QuickCheck.Features ( Test/QuickCheck/Features.hs, dist/dist-sandbox-8b990038/build/Test/QuickCheck/Features.o )
[16 of 16] Compiling Test.QuickCheck  ( Test/QuickCheck.hs, dist/dist-sandbox-8b990038/build/Test/QuickCheck.o )
[ 1 of 16] Compiling Test.QuickCheck.Exception ( Test/QuickCheck/Exception.hs, dist/dist-sandbox-8b990038/build/Test/QuickCheck/Exception.p_o )
clang: warning: argument unused during compilation: '-nopie' [-Wunused-command-line-argument]
clang: warning: argument unused during compilation: '-nopie' [-Wunused-command-line-argument]
[ 2 of 16] Compiling Test.QuickCheck.Random ( Test/QuickCheck/Random.hs, dist/dist-sandbox-8b990038/build/Test/QuickCheck/Random.p_o )
clang: warning: argument unused during compilation: '-nopie' [-Wunused-command-line-argument]
clang: warning: argument unused during compilation: '-nopie' [-Wunused-command-line-argument]
[ 3 of 16] Compiling Test.QuickCheck.Gen ( Test/QuickCheck/Gen.hs, dist/dist-sandbox-8b990038/build/Test/QuickCheck/Gen.p_o )
clang: warning: argument unused during compilation: '-nopie' [-Wunused-command-line-argument]
clang: warning: argument unused during compilation: '-nopie' [-Wunused-command-line-argument]
[ 4 of 16] Compiling Test.QuickCheck.Gen.Unsafe ( Test/QuickCheck/Gen/Unsafe.hs, dist/dist-sandbox-8b990038/build/Test/QuickCheck/Gen/Unsafe.p_o )
clang: warning: argument unused during compilation: '-nopie' [-Wunused-command-line-argument]
clang: warning: argument unused during compilation: '-nopie' [-Wunused-command-line-argument]
[ 5 of 16] Compiling Test.QuickCheck.Arbitrary ( Test/QuickCheck/Arbitrary.hs, dist/dist-sandbox-8b990038/build/Test/QuickCheck/Arbitrary.p_o )
clang: warning: argument unused during compilation: '-nopie' [-Wunused-command-line-argument]
clang: warning: argument unused during compilation: '-nopie' [-Wunused-command-line-argument]
[ 6 of 16] Compiling Test.QuickCheck.Poly ( Test/QuickCheck/Poly.hs, dist/dist-sandbox-8b990038/build/Test/QuickCheck/Poly.p_o )
clang: warning: argument unused during compilation: '-nopie' [-Wunused-command-line-argument]
clang: warning: argument unused during compilation: '-nopie' [-Wunused-command-line-argument]
[ 7 of 16] Compiling Test.QuickCheck.Modifiers ( Test/QuickCheck/Modifiers.hs, dist/dist-sandbox-8b990038/build/Test/QuickCheck/Modifiers.p_o )
clang: warning: argument unused during compilation: '-nopie' [-Wunused-command-line-argument]
clang: warning: argument unused during compilation: '-nopie' [-Wunused-command-line-argument]
[ 8 of 16] Compiling Test.QuickCheck.Function ( Test/QuickCheck/Function.hs, dist/dist-sandbox-8b990038/build/Test/QuickCheck/Function.p_o )
clang: warning: argument unused during compilation: '-nopie' [-Wunused-command-line-argument]
clang: warning: argument unused during compilation: '-nopie' [-Wunused-command-line-argument]
[ 9 of 16] Compiling Test.QuickCheck.Text ( Test/QuickCheck/Text.hs, dist/dist-sandbox-8b990038/build/Test/QuickCheck/Text.p_o )
clang: warning: argument unused during compilation: '-nopie' [-Wunused-command-line-argument]
clang: warning: argument unused during compilation: '-nopie' [-Wunused-command-line-argument]
[10 of 16] Compiling Test.QuickCheck.State ( Test/QuickCheck/State.hs, dist/dist-sandbox-8b990038/build/Test/QuickCheck/State.p_o )
clang: warning: argument unused during compilation: '-nopie' [-Wunused-command-line-argument]
clang: warning: argument unused during compilation: '-nopie' [-Wunused-command-line-argument]
[11 of 16] Compiling Test.QuickCheck.Property ( Test/QuickCheck/Property.hs, dist/dist-sandbox-8b990038/build/Test/QuickCheck/Property.p_o )
clang: warning: argument unused during compilation: '-nopie' [-Wunused-command-line-argument]
clang: warning: argument unused during compilation: '-nopie' [-Wunused-command-line-argument]
[12 of 16] Compiling Test.QuickCheck.Test ( Test/QuickCheck/Test.hs, dist/dist-sandbox-8b990038/build/Test/QuickCheck/Test.p_o )
clang: warning: argument unused during compilation: '-nopie' [-Wunused-command-line-argument]
clang: warning: argument unused during compilation: '-nopie' [-Wunused-command-line-argument]
[13 of 16] Compiling Test.QuickCheck.Monadic ( Test/QuickCheck/Monadic.hs, dist/dist-sandbox-8b990038/build/Test/QuickCheck/Monadic.p_o )
clang: warning: argument unused during compilation: '-nopie' [-Wunused-command-line-argument]
clang: warning: argument unused during compilation: '-nopie' [-Wunused-command-line-argument]
[14 of 16] Compiling Test.QuickCheck.All ( Test/QuickCheck/All.hs, dist/dist-sandbox-8b990038/build/Test/QuickCheck/All.p_o )
clang: warning: argument unused during compilation: '-nopie' [-Wunused-command-line-argument]
clang: warning: argument unused during compilation: '-nopie' [-Wunused-command-line-argument]
[15 of 16] Compiling Test.QuickCheck.Features ( Test/QuickCheck/Features.hs, dist/dist-sandbox-8b990038/build/Test/QuickCheck/Features.p_o )
clang: warning: argument unused during compilation: '-nopie' [-Wunused-command-line-argument]
clang: warning: argument unused during compilation: '-nopie' [-Wunused-command-line-argument]
[16 of 16] Compiling Test.QuickCheck  ( Test/QuickCheck.hs, dist/dist-sandbox-8b990038/build/Test/QuickCheck.p_o )
clang: warning: argument unused during compilation: '-nopie' [-Wunused-command-line-argument]
clang: warning: argument unused during compilation: '-nopie' [-Wunused-command-line-argument]
ignoring (possibly broken) abi-depends field for packages
Preprocessing library for QuickCheck-2.12.6.1..
Running Haddock on library for QuickCheck-2.12.6.1..
Haddock coverage:
 100% ( 28 / 28) in 'Test.QuickCheck.Gen'
  80% (  4 /  5) in 'Test.QuickCheck.Gen.Unsafe'
  Missing documentation for:
    Capture (Test/QuickCheck/Gen/Unsafe.hs:53)
  92% ( 44 / 48) in 'Test.QuickCheck.Arbitrary'
  Missing documentation for:
    arbitrary1 (Test/QuickCheck/Arbitrary.hs:277)
    shrink1 (Test/QuickCheck/Arbitrary.hs:280)
    arbitrary2 (Test/QuickCheck/Arbitrary.hs:289)
    shrink2 (Test/QuickCheck/Arbitrary.hs:292)
  14% (  1 /  7) in 'Test.QuickCheck.Poly'
  Missing documentation for:
    A (Test/QuickCheck/Poly.hs:29)
    B (Test/QuickCheck/Poly.hs:44)
    C (Test/QuickCheck/Poly.hs:59)
    OrdA (Test/QuickCheck/Poly.hs:77)
    OrdB (Test/QuickCheck/Poly.hs:112)
    OrdC (Test/QuickCheck/Poly.hs:146)
  95% ( 19 / 20) in 'Test.QuickCheck.Modifiers'
  Missing documentation for:
    ShrinkState (Test/QuickCheck/Modifiers.hs:447)
 100% ( 16 / 16) in 'Test.QuickCheck.Function'
  78% ( 14 / 18) in 'Test.QuickCheck.Monadic'
  Missing documentation for:
    stop (Test/QuickCheck/Monadic.hs:141)
    monadic (Test/QuickCheck/Monadic.hs:228)
    monadic' (Test/QuickCheck/Monadic.hs:231)
    runSTGen (Test/QuickCheck/Monadic.hs:270)
 100% ( 10 / 10) in 'Test.QuickCheck.All'
  97% (184 /189) in 'Test.QuickCheck'
  Missing documentation for:
    arbitrary1 (Test/QuickCheck/Arbitrary.hs:277)
    shrink1 (Test/QuickCheck/Arbitrary.hs:280)
    arbitrary2 (Test/QuickCheck/Arbitrary.hs:289)
    shrink2 (Test/QuickCheck/Arbitrary.hs:292)
    ShrinkState (Test/QuickCheck/Modifiers.hs:447)
Warning: Test.QuickCheck.Gen: could not find link destinations for:
    QCGen
Warning: Test.QuickCheck.Arbitrary: could not find link destinations for:
    GCoArbitrary RecursivelyShrink GSubterms gSubterms gSubtermsIncl
Warning: Test.QuickCheck.Modifiers: could not find link destinations for:
    InfiniteListInternalData unsafeIndex unsafeRangeSize
Warning: Test.QuickCheck.Function: could not find link destinations for:
    Shrunk GFunction
Warning: Test.QuickCheck: could not find link destinations for:
    QCGen AnException RecursivelyShrink GSubterms Shrunk GFunction GCoArbitrary InfiniteListInternalData unsafeIndex unsafeRangeSize
Documentation created:
dist/dist-sandbox-8b990038/doc/html/QuickCheck/index.html
Installing library in /Users/keriannehobbs/Documents/GitHub/FaultModel/.cabal-sandbox/lib/x86_64-osx-ghc-8.4.3/QuickCheck-2.12.6.1-CPyI86xquJX6wX8x7p7Vns
cabal: Leaving directory '/var/folders/pt/v0r3j8p53d9_zwctcvm502pm0000gn/T/cabal-tmp-3387/QuickCheck-2.12.6.1'
